
2019-01-22 15:22:57
[WARN]-[Thread: qtp1588970020-14]-[com.jfinal.core.ActionHandler.handle()]: 404 Action Not Found: /imewis/msugg?ifc=4&em=4

2019-01-22 15:22:57
[WARN]-[Thread: qtp1588970020-18]-[com.jfinal.core.ActionHandler.handle()]: 404 Action Not Found: /imewis/msugg?ifc=4&em=4

2019-01-22 15:22:57
[WARN]-[Thread: qtp1588970020-21]-[com.jfinal.core.ActionHandler.handle()]: 404 Action Not Found: /imewis/msugg?ifc=4&em=4

2019-01-22 15:22:57
[WARN]-[Thread: qtp1588970020-20]-[com.jfinal.core.ActionHandler.handle()]: 404 Action Not Found: /imewis/msugg?ifc=4&em=4

2019-01-22 15:22:57
[WARN]-[Thread: qtp1588970020-31]-[com.jfinal.core.ActionHandler.handle()]: 404 Action Not Found: /imewis/msugg?ifc=4&em=4

2019-01-22 15:23:02
[WARN]-[Thread: qtp1588970020-15]-[com.jfinal.plugin.ehcache.CacheKit.getOrAddCache()]: Could not find cache config [loginAccount], using default.

2019-01-22 15:23:19
[ERROR]-[Thread: qtp1588970020-30]-[com.jfinal.core.ActionHandler.handle()]: /upload/
java.lang.RuntimeException: File not found : G:\jfinalcommon\src\main\webapp/admin/page/upload/index.html
	at com.jfinal.template.source.FileSource.getContent(FileSource.java:70)
	at com.jfinal.template.Engine.buildTemplateBySourceFactory(Engine.java:159)
	at com.jfinal.template.Engine.getTemplate(Engine.java:144)
	at com.jfinal.render.TemplateRender.render(TemplateRender.java:61)
	at com.jfinal.core.ActionHandler.handle(ActionHandler.java:106)
	at com.jfinal.core.JFinalFilter.doFilter(JFinalFilter.java:86)
	at org.eclipse.jetty.servlet.ServletHandler$CachedChain.doFilter(ServletHandler.java:1634)
	at org.eclipse.jetty.servlet.ServletHandler.doHandle(ServletHandler.java:533)
	at org.eclipse.jetty.server.handler.ScopedHandler.handle(ScopedHandler.java:146)
	at org.eclipse.jetty.security.SecurityHandler.handle(SecurityHandler.java:548)
	at org.eclipse.jetty.server.handler.HandlerWrapper.handle(HandlerWrapper.java:132)
	at org.eclipse.jetty.server.handler.ScopedHandler.nextHandle(ScopedHandler.java:257)
	at org.eclipse.jetty.server.session.SessionHandler.doHandle(SessionHandler.java:1595)
	at org.eclipse.jetty.server.handler.ScopedHandler.nextHandle(ScopedHandler.java:255)
	at org.eclipse.jetty.server.handler.ContextHandler.doHandle(ContextHandler.java:1340)
	at org.eclipse.jetty.server.handler.ScopedHandler.nextScope(ScopedHandler.java:203)
	at org.eclipse.jetty.servlet.ServletHandler.doScope(ServletHandler.java:473)
	at org.eclipse.jetty.server.session.SessionHandler.doScope(SessionHandler.java:1564)
	at org.eclipse.jetty.server.handler.ScopedHandler.nextScope(ScopedHandler.java:201)
	at org.eclipse.jetty.server.handler.ContextHandler.doScope(ContextHandler.java:1242)
	at org.eclipse.jetty.server.handler.ScopedHandler.handle(ScopedHandler.java:144)
	at org.eclipse.jetty.server.handler.HandlerWrapper.handle(HandlerWrapper.java:132)
	at org.eclipse.jetty.server.Server.handle(Server.java:503)
	at org.eclipse.jetty.server.HttpChannel.handle(HttpChannel.java:364)
	at org.eclipse.jetty.server.HttpConnection.onFillable(HttpConnection.java:260)
	at org.eclipse.jetty.io.AbstractConnection$ReadCallback.succeeded(AbstractConnection.java:305)
	at org.eclipse.jetty.io.FillInterest.fillable(FillInterest.java:103)
	at org.eclipse.jetty.io.ChannelEndPoint$2.run(ChannelEndPoint.java:118)
	at org.eclipse.jetty.util.thread.strategy.EatWhatYouKill.runTask(EatWhatYouKill.java:333)
	at org.eclipse.jetty.util.thread.strategy.EatWhatYouKill.doProduce(EatWhatYouKill.java:310)
	at org.eclipse.jetty.util.thread.strategy.EatWhatYouKill.tryProduce(EatWhatYouKill.java:168)
	at org.eclipse.jetty.util.thread.strategy.EatWhatYouKill.run(EatWhatYouKill.java:126)
	at org.eclipse.jetty.util.thread.ReservedThreadExecutor$ReservedThread.run(ReservedThreadExecutor.java:366)
	at org.eclipse.jetty.util.thread.QueuedThreadPool.runJob(QueuedThreadPool.java:765)
	at org.eclipse.jetty.util.thread.QueuedThreadPool$2.run(QueuedThreadPool.java:683)
	at java.lang.Thread.run(Thread.java:748)

2019-01-22 15:23:19
[ERROR]-[Thread: qtp1588970020-30]-[com.jfinal.core.JFinalFilter.doFilter()]: /upload/
java.lang.IllegalStateException: STREAM
	at org.eclipse.jetty.server.Response.getWriter(Response.java:931)
	at com.jfinal.render.ErrorRender.render(ErrorRender.java:60)
	at com.jfinal.core.ActionHandler.handle(ActionHandler.java:122)
	at com.jfinal.core.JFinalFilter.doFilter(JFinalFilter.java:86)
	at org.eclipse.jetty.servlet.ServletHandler$CachedChain.doFilter(ServletHandler.java:1634)
	at org.eclipse.jetty.servlet.ServletHandler.doHandle(ServletHandler.java:533)
	at org.eclipse.jetty.server.handler.ScopedHandler.handle(ScopedHandler.java:146)
	at org.eclipse.jetty.security.SecurityHandler.handle(SecurityHandler.java:548)
	at org.eclipse.jetty.server.handler.HandlerWrapper.handle(HandlerWrapper.java:132)
	at org.eclipse.jetty.server.handler.ScopedHandler.nextHandle(ScopedHandler.java:257)
	at org.eclipse.jetty.server.session.SessionHandler.doHandle(SessionHandler.java:1595)
	at org.eclipse.jetty.server.handler.ScopedHandler.nextHandle(ScopedHandler.java:255)
	at org.eclipse.jetty.server.handler.ContextHandler.doHandle(ContextHandler.java:1340)
	at org.eclipse.jetty.server.handler.ScopedHandler.nextScope(ScopedHandler.java:203)
	at org.eclipse.jetty.servlet.ServletHandler.doScope(ServletHandler.java:473)
	at org.eclipse.jetty.server.session.SessionHandler.doScope(SessionHandler.java:1564)
	at org.eclipse.jetty.server.handler.ScopedHandler.nextScope(ScopedHandler.java:201)
	at org.eclipse.jetty.server.handler.ContextHandler.doScope(ContextHandler.java:1242)
	at org.eclipse.jetty.server.handler.ScopedHandler.handle(ScopedHandler.java:144)
	at org.eclipse.jetty.server.handler.HandlerWrapper.handle(HandlerWrapper.java:132)
	at org.eclipse.jetty.server.Server.handle(Server.java:503)
	at org.eclipse.jetty.server.HttpChannel.handle(HttpChannel.java:364)
	at org.eclipse.jetty.server.HttpConnection.onFillable(HttpConnection.java:260)
	at org.eclipse.jetty.io.AbstractConnection$ReadCallback.succeeded(AbstractConnection.java:305)
	at org.eclipse.jetty.io.FillInterest.fillable(FillInterest.java:103)
	at org.eclipse.jetty.io.ChannelEndPoint$2.run(ChannelEndPoint.java:118)
	at org.eclipse.jetty.util.thread.strategy.EatWhatYouKill.runTask(EatWhatYouKill.java:333)
	at org.eclipse.jetty.util.thread.strategy.EatWhatYouKill.doProduce(EatWhatYouKill.java:310)
	at org.eclipse.jetty.util.thread.strategy.EatWhatYouKill.tryProduce(EatWhatYouKill.java:168)
	at org.eclipse.jetty.util.thread.strategy.EatWhatYouKill.run(EatWhatYouKill.java:126)
	at org.eclipse.jetty.util.thread.ReservedThreadExecutor$ReservedThread.run(ReservedThreadExecutor.java:366)
	at org.eclipse.jetty.util.thread.QueuedThreadPool.runJob(QueuedThreadPool.java:765)
	at org.eclipse.jetty.util.thread.QueuedThreadPool$2.run(QueuedThreadPool.java:683)
	at java.lang.Thread.run(Thread.java:748)

2019-01-22 15:23:21
[ERROR]-[Thread: qtp1588970020-16]-[com.jfinal.core.ActionHandler.handle()]: /upload/
java.lang.RuntimeException: File not found : G:\jfinalcommon\src\main\webapp/admin/page/upload/index.html
	at com.jfinal.template.source.FileSource.getContent(FileSource.java:70)
	at com.jfinal.template.Engine.buildTemplateBySourceFactory(Engine.java:159)
	at com.jfinal.template.Engine.getTemplate(Engine.java:144)
	at com.jfinal.render.TemplateRender.render(TemplateRender.java:61)
	at com.jfinal.core.ActionHandler.handle(ActionHandler.java:106)
	at com.jfinal.core.JFinalFilter.doFilter(JFinalFilter.java:86)
	at org.eclipse.jetty.servlet.ServletHandler$CachedChain.doFilter(ServletHandler.java:1634)
	at org.eclipse.jetty.servlet.ServletHandler.doHandle(ServletHandler.java:533)
	at org.eclipse.jetty.server.handler.ScopedHandler.handle(ScopedHandler.java:146)
	at org.eclipse.jetty.security.SecurityHandler.handle(SecurityHandler.java:548)
	at org.eclipse.jetty.server.handler.HandlerWrapper.handle(HandlerWrapper.java:132)
	at org.eclipse.jetty.server.handler.ScopedHandler.nextHandle(ScopedHandler.java:257)
	at org.eclipse.jetty.server.session.SessionHandler.doHandle(SessionHandler.java:1595)
	at org.eclipse.jetty.server.handler.ScopedHandler.nextHandle(ScopedHandler.java:255)
	at org.eclipse.jetty.server.handler.ContextHandler.doHandle(ContextHandler.java:1340)
	at org.eclipse.jetty.server.handler.ScopedHandler.nextScope(ScopedHandler.java:203)
	at org.eclipse.jetty.servlet.ServletHandler.doScope(ServletHandler.java:473)
	at org.eclipse.jetty.server.session.SessionHandler.doScope(SessionHandler.java:1564)
	at org.eclipse.jetty.server.handler.ScopedHandler.nextScope(ScopedHandler.java:201)
	at org.eclipse.jetty.server.handler.ContextHandler.doScope(ContextHandler.java:1242)
	at org.eclipse.jetty.server.handler.ScopedHandler.handle(ScopedHandler.java:144)
	at org.eclipse.jetty.server.handler.HandlerWrapper.handle(HandlerWrapper.java:132)
	at org.eclipse.jetty.server.Server.handle(Server.java:503)
	at org.eclipse.jetty.server.HttpChannel.handle(HttpChannel.java:364)
	at org.eclipse.jetty.server.HttpConnection.onFillable(HttpConnection.java:260)
	at org.eclipse.jetty.io.AbstractConnection$ReadCallback.succeeded(AbstractConnection.java:305)
	at org.eclipse.jetty.io.FillInterest.fillable(FillInterest.java:103)
	at org.eclipse.jetty.io.ChannelEndPoint$2.run(ChannelEndPoint.java:118)
	at org.eclipse.jetty.util.thread.strategy.EatWhatYouKill.runTask(EatWhatYouKill.java:333)
	at org.eclipse.jetty.util.thread.strategy.EatWhatYouKill.doProduce(EatWhatYouKill.java:310)
	at org.eclipse.jetty.util.thread.strategy.EatWhatYouKill.tryProduce(EatWhatYouKill.java:168)
	at org.eclipse.jetty.util.thread.strategy.EatWhatYouKill.run(EatWhatYouKill.java:126)
	at org.eclipse.jetty.util.thread.ReservedThreadExecutor$ReservedThread.run(ReservedThreadExecutor.java:366)
	at org.eclipse.jetty.util.thread.QueuedThreadPool.runJob(QueuedThreadPool.java:765)
	at org.eclipse.jetty.util.thread.QueuedThreadPool$2.run(QueuedThreadPool.java:683)
	at java.lang.Thread.run(Thread.java:748)

2019-01-22 15:23:21
[ERROR]-[Thread: qtp1588970020-16]-[com.jfinal.core.JFinalFilter.doFilter()]: /upload/
java.lang.IllegalStateException: STREAM
	at org.eclipse.jetty.server.Response.getWriter(Response.java:931)
	at com.jfinal.render.ErrorRender.render(ErrorRender.java:60)
	at com.jfinal.core.ActionHandler.handle(ActionHandler.java:122)
	at com.jfinal.core.JFinalFilter.doFilter(JFinalFilter.java:86)
	at org.eclipse.jetty.servlet.ServletHandler$CachedChain.doFilter(ServletHandler.java:1634)
	at org.eclipse.jetty.servlet.ServletHandler.doHandle(ServletHandler.java:533)
	at org.eclipse.jetty.server.handler.ScopedHandler.handle(ScopedHandler.java:146)
	at org.eclipse.jetty.security.SecurityHandler.handle(SecurityHandler.java:548)
	at org.eclipse.jetty.server.handler.HandlerWrapper.handle(HandlerWrapper.java:132)
	at org.eclipse.jetty.server.handler.ScopedHandler.nextHandle(ScopedHandler.java:257)
	at org.eclipse.jetty.server.session.SessionHandler.doHandle(SessionHandler.java:1595)
	at org.eclipse.jetty.server.handler.ScopedHandler.nextHandle(ScopedHandler.java:255)
	at org.eclipse.jetty.server.handler.ContextHandler.doHandle(ContextHandler.java:1340)
	at org.eclipse.jetty.server.handler.ScopedHandler.nextScope(ScopedHandler.java:203)
	at org.eclipse.jetty.servlet.ServletHandler.doScope(ServletHandler.java:473)
	at org.eclipse.jetty.server.session.SessionHandler.doScope(SessionHandler.java:1564)
	at org.eclipse.jetty.server.handler.ScopedHandler.nextScope(ScopedHandler.java:201)
	at org.eclipse.jetty.server.handler.ContextHandler.doScope(ContextHandler.java:1242)
	at org.eclipse.jetty.server.handler.ScopedHandler.handle(ScopedHandler.java:144)
	at org.eclipse.jetty.server.handler.HandlerWrapper.handle(HandlerWrapper.java:132)
	at org.eclipse.jetty.server.Server.handle(Server.java:503)
	at org.eclipse.jetty.server.HttpChannel.handle(HttpChannel.java:364)
	at org.eclipse.jetty.server.HttpConnection.onFillable(HttpConnection.java:260)
	at org.eclipse.jetty.io.AbstractConnection$ReadCallback.succeeded(AbstractConnection.java:305)
	at org.eclipse.jetty.io.FillInterest.fillable(FillInterest.java:103)
	at org.eclipse.jetty.io.ChannelEndPoint$2.run(ChannelEndPoint.java:118)
	at org.eclipse.jetty.util.thread.strategy.EatWhatYouKill.runTask(EatWhatYouKill.java:333)
	at org.eclipse.jetty.util.thread.strategy.EatWhatYouKill.doProduce(EatWhatYouKill.java:310)
	at org.eclipse.jetty.util.thread.strategy.EatWhatYouKill.tryProduce(EatWhatYouKill.java:168)
	at org.eclipse.jetty.util.thread.strategy.EatWhatYouKill.run(EatWhatYouKill.java:126)
	at org.eclipse.jetty.util.thread.ReservedThreadExecutor$ReservedThread.run(ReservedThreadExecutor.java:366)
	at org.eclipse.jetty.util.thread.QueuedThreadPool.runJob(QueuedThreadPool.java:765)
	at org.eclipse.jetty.util.thread.QueuedThreadPool$2.run(QueuedThreadPool.java:683)
	at java.lang.Thread.run(Thread.java:748)

2019-01-22 15:23:21
[ERROR]-[Thread: qtp1588970020-30]-[com.jfinal.core.ActionHandler.handle()]: /upload/
java.lang.RuntimeException: File not found : G:\jfinalcommon\src\main\webapp/admin/page/upload/index.html
	at com.jfinal.template.source.FileSource.getContent(FileSource.java:70)
	at com.jfinal.template.Engine.buildTemplateBySourceFactory(Engine.java:159)
	at com.jfinal.template.Engine.getTemplate(Engine.java:144)
	at com.jfinal.render.TemplateRender.render(TemplateRender.java:61)
	at com.jfinal.core.ActionHandler.handle(ActionHandler.java:106)
	at com.jfinal.core.JFinalFilter.doFilter(JFinalFilter.java:86)
	at org.eclipse.jetty.servlet.ServletHandler$CachedChain.doFilter(ServletHandler.java:1634)
	at org.eclipse.jetty.servlet.ServletHandler.doHandle(ServletHandler.java:533)
	at org.eclipse.jetty.server.handler.ScopedHandler.handle(ScopedHandler.java:146)
	at org.eclipse.jetty.security.SecurityHandler.handle(SecurityHandler.java:548)
	at org.eclipse.jetty.server.handler.HandlerWrapper.handle(HandlerWrapper.java:132)
	at org.eclipse.jetty.server.handler.ScopedHandler.nextHandle(ScopedHandler.java:257)
	at org.eclipse.jetty.server.session.SessionHandler.doHandle(SessionHandler.java:1595)
	at org.eclipse.jetty.server.handler.ScopedHandler.nextHandle(ScopedHandler.java:255)
	at org.eclipse.jetty.server.handler.ContextHandler.doHandle(ContextHandler.java:1340)
	at org.eclipse.jetty.server.handler.ScopedHandler.nextScope(ScopedHandler.java:203)
	at org.eclipse.jetty.servlet.ServletHandler.doScope(ServletHandler.java:473)
	at org.eclipse.jetty.server.session.SessionHandler.doScope(SessionHandler.java:1564)
	at org.eclipse.jetty.server.handler.ScopedHandler.nextScope(ScopedHandler.java:201)
	at org.eclipse.jetty.server.handler.ContextHandler.doScope(ContextHandler.java:1242)
	at org.eclipse.jetty.server.handler.ScopedHandler.handle(ScopedHandler.java:144)
	at org.eclipse.jetty.server.handler.HandlerWrapper.handle(HandlerWrapper.java:132)
	at org.eclipse.jetty.server.Server.handle(Server.java:503)
	at org.eclipse.jetty.server.HttpChannel.handle(HttpChannel.java:364)
	at org.eclipse.jetty.server.HttpConnection.onFillable(HttpConnection.java:260)
	at org.eclipse.jetty.io.AbstractConnection$ReadCallback.succeeded(AbstractConnection.java:305)
	at org.eclipse.jetty.io.FillInterest.fillable(FillInterest.java:103)
	at org.eclipse.jetty.io.ChannelEndPoint$2.run(ChannelEndPoint.java:118)
	at org.eclipse.jetty.util.thread.strategy.EatWhatYouKill.runTask(EatWhatYouKill.java:333)
	at org.eclipse.jetty.util.thread.strategy.EatWhatYouKill.doProduce(EatWhatYouKill.java:310)
	at org.eclipse.jetty.util.thread.strategy.EatWhatYouKill.tryProduce(EatWhatYouKill.java:168)
	at org.eclipse.jetty.util.thread.strategy.EatWhatYouKill.run(EatWhatYouKill.java:126)
	at org.eclipse.jetty.util.thread.ReservedThreadExecutor$ReservedThread.run(ReservedThreadExecutor.java:366)
	at org.eclipse.jetty.util.thread.QueuedThreadPool.runJob(QueuedThreadPool.java:765)
	at org.eclipse.jetty.util.thread.QueuedThreadPool$2.run(QueuedThreadPool.java:683)
	at java.lang.Thread.run(Thread.java:748)

2019-01-22 15:23:21
[ERROR]-[Thread: qtp1588970020-30]-[com.jfinal.core.JFinalFilter.doFilter()]: /upload/
java.lang.IllegalStateException: STREAM
	at org.eclipse.jetty.server.Response.getWriter(Response.java:931)
	at com.jfinal.render.ErrorRender.render(ErrorRender.java:60)
	at com.jfinal.core.ActionHandler.handle(ActionHandler.java:122)
	at com.jfinal.core.JFinalFilter.doFilter(JFinalFilter.java:86)
	at org.eclipse.jetty.servlet.ServletHandler$CachedChain.doFilter(ServletHandler.java:1634)
	at org.eclipse.jetty.servlet.ServletHandler.doHandle(ServletHandler.java:533)
	at org.eclipse.jetty.server.handler.ScopedHandler.handle(ScopedHandler.java:146)
	at org.eclipse.jetty.security.SecurityHandler.handle(SecurityHandler.java:548)
	at org.eclipse.jetty.server.handler.HandlerWrapper.handle(HandlerWrapper.java:132)
	at org.eclipse.jetty.server.handler.ScopedHandler.nextHandle(ScopedHandler.java:257)
	at org.eclipse.jetty.server.session.SessionHandler.doHandle(SessionHandler.java:1595)
	at org.eclipse.jetty.server.handler.ScopedHandler.nextHandle(ScopedHandler.java:255)
	at org.eclipse.jetty.server.handler.ContextHandler.doHandle(ContextHandler.java:1340)
	at org.eclipse.jetty.server.handler.ScopedHandler.nextScope(ScopedHandler.java:203)
	at org.eclipse.jetty.servlet.ServletHandler.doScope(ServletHandler.java:473)
	at org.eclipse.jetty.server.session.SessionHandler.doScope(SessionHandler.java:1564)
	at org.eclipse.jetty.server.handler.ScopedHandler.nextScope(ScopedHandler.java:201)
	at org.eclipse.jetty.server.handler.ContextHandler.doScope(ContextHandler.java:1242)
	at org.eclipse.jetty.server.handler.ScopedHandler.handle(ScopedHandler.java:144)
	at org.eclipse.jetty.server.handler.HandlerWrapper.handle(HandlerWrapper.java:132)
	at org.eclipse.jetty.server.Server.handle(Server.java:503)
	at org.eclipse.jetty.server.HttpChannel.handle(HttpChannel.java:364)
	at org.eclipse.jetty.server.HttpConnection.onFillable(HttpConnection.java:260)
	at org.eclipse.jetty.io.AbstractConnection$ReadCallback.succeeded(AbstractConnection.java:305)
	at org.eclipse.jetty.io.FillInterest.fillable(FillInterest.java:103)
	at org.eclipse.jetty.io.ChannelEndPoint$2.run(ChannelEndPoint.java:118)
	at org.eclipse.jetty.util.thread.strategy.EatWhatYouKill.runTask(EatWhatYouKill.java:333)
	at org.eclipse.jetty.util.thread.strategy.EatWhatYouKill.doProduce(EatWhatYouKill.java:310)
	at org.eclipse.jetty.util.thread.strategy.EatWhatYouKill.tryProduce(EatWhatYouKill.java:168)
	at org.eclipse.jetty.util.thread.strategy.EatWhatYouKill.run(EatWhatYouKill.java:126)
	at org.eclipse.jetty.util.thread.ReservedThreadExecutor$ReservedThread.run(ReservedThreadExecutor.java:366)
	at org.eclipse.jetty.util.thread.QueuedThreadPool.runJob(QueuedThreadPool.java:765)
	at org.eclipse.jetty.util.thread.QueuedThreadPool$2.run(QueuedThreadPool.java:683)
	at java.lang.Thread.run(Thread.java:748)

2019-01-22 15:23:22
[ERROR]-[Thread: qtp1588970020-16]-[com.jfinal.core.ActionHandler.handle()]: /upload/
java.lang.RuntimeException: File not found : G:\jfinalcommon\src\main\webapp/admin/page/upload/index.html
	at com.jfinal.template.source.FileSource.getContent(FileSource.java:70)
	at com.jfinal.template.Engine.buildTemplateBySourceFactory(Engine.java:159)
	at com.jfinal.template.Engine.getTemplate(Engine.java:144)
	at com.jfinal.render.TemplateRender.render(TemplateRender.java:61)
	at com.jfinal.core.ActionHandler.handle(ActionHandler.java:106)
	at com.jfinal.core.JFinalFilter.doFilter(JFinalFilter.java:86)
	at org.eclipse.jetty.servlet.ServletHandler$CachedChain.doFilter(ServletHandler.java:1634)
	at org.eclipse.jetty.servlet.ServletHandler.doHandle(ServletHandler.java:533)
	at org.eclipse.jetty.server.handler.ScopedHandler.handle(ScopedHandler.java:146)
	at org.eclipse.jetty.security.SecurityHandler.handle(SecurityHandler.java:548)
	at org.eclipse.jetty.server.handler.HandlerWrapper.handle(HandlerWrapper.java:132)
	at org.eclipse.jetty.server.handler.ScopedHandler.nextHandle(ScopedHandler.java:257)
	at org.eclipse.jetty.server.session.SessionHandler.doHandle(SessionHandler.java:1595)
	at org.eclipse.jetty.server.handler.ScopedHandler.nextHandle(ScopedHandler.java:255)
	at org.eclipse.jetty.server.handler.ContextHandler.doHandle(ContextHandler.java:1340)
	at org.eclipse.jetty.server.handler.ScopedHandler.nextScope(ScopedHandler.java:203)
	at org.eclipse.jetty.servlet.ServletHandler.doScope(ServletHandler.java:473)
	at org.eclipse.jetty.server.session.SessionHandler.doScope(SessionHandler.java:1564)
	at org.eclipse.jetty.server.handler.ScopedHandler.nextScope(ScopedHandler.java:201)
	at org.eclipse.jetty.server.handler.ContextHandler.doScope(ContextHandler.java:1242)
	at org.eclipse.jetty.server.handler.ScopedHandler.handle(ScopedHandler.java:144)
	at org.eclipse.jetty.server.handler.HandlerWrapper.handle(HandlerWrapper.java:132)
	at org.eclipse.jetty.server.Server.handle(Server.java:503)
	at org.eclipse.jetty.server.HttpChannel.handle(HttpChannel.java:364)
	at org.eclipse.jetty.server.HttpConnection.onFillable(HttpConnection.java:260)
	at org.eclipse.jetty.io.AbstractConnection$ReadCallback.succeeded(AbstractConnection.java:305)
	at org.eclipse.jetty.io.FillInterest.fillable(FillInterest.java:103)
	at org.eclipse.jetty.io.ChannelEndPoint$2.run(ChannelEndPoint.java:118)
	at org.eclipse.jetty.util.thread.strategy.EatWhatYouKill.runTask(EatWhatYouKill.java:333)
	at org.eclipse.jetty.util.thread.strategy.EatWhatYouKill.doProduce(EatWhatYouKill.java:310)
	at org.eclipse.jetty.util.thread.strategy.EatWhatYouKill.tryProduce(EatWhatYouKill.java:168)
	at org.eclipse.jetty.util.thread.strategy.EatWhatYouKill.run(EatWhatYouKill.java:126)
	at org.eclipse.jetty.util.thread.ReservedThreadExecutor$ReservedThread.run(ReservedThreadExecutor.java:366)
	at org.eclipse.jetty.util.thread.QueuedThreadPool.runJob(QueuedThreadPool.java:765)
	at org.eclipse.jetty.util.thread.QueuedThreadPool$2.run(QueuedThreadPool.java:683)
	at java.lang.Thread.run(Thread.java:748)

2019-01-22 15:23:22
[ERROR]-[Thread: qtp1588970020-16]-[com.jfinal.core.JFinalFilter.doFilter()]: /upload/
java.lang.IllegalStateException: STREAM
	at org.eclipse.jetty.server.Response.getWriter(Response.java:931)
	at com.jfinal.render.ErrorRender.render(ErrorRender.java:60)
	at com.jfinal.core.ActionHandler.handle(ActionHandler.java:122)
	at com.jfinal.core.JFinalFilter.doFilter(JFinalFilter.java:86)
	at org.eclipse.jetty.servlet.ServletHandler$CachedChain.doFilter(ServletHandler.java:1634)
	at org.eclipse.jetty.servlet.ServletHandler.doHandle(ServletHandler.java:533)
	at org.eclipse.jetty.server.handler.ScopedHandler.handle(ScopedHandler.java:146)
	at org.eclipse.jetty.security.SecurityHandler.handle(SecurityHandler.java:548)
	at org.eclipse.jetty.server.handler.HandlerWrapper.handle(HandlerWrapper.java:132)
	at org.eclipse.jetty.server.handler.ScopedHandler.nextHandle(ScopedHandler.java:257)
	at org.eclipse.jetty.server.session.SessionHandler.doHandle(SessionHandler.java:1595)
	at org.eclipse.jetty.server.handler.ScopedHandler.nextHandle(ScopedHandler.java:255)
	at org.eclipse.jetty.server.handler.ContextHandler.doHandle(ContextHandler.java:1340)
	at org.eclipse.jetty.server.handler.ScopedHandler.nextScope(ScopedHandler.java:203)
	at org.eclipse.jetty.servlet.ServletHandler.doScope(ServletHandler.java:473)
	at org.eclipse.jetty.server.session.SessionHandler.doScope(SessionHandler.java:1564)
	at org.eclipse.jetty.server.handler.ScopedHandler.nextScope(ScopedHandler.java:201)
	at org.eclipse.jetty.server.handler.ContextHandler.doScope(ContextHandler.java:1242)
	at org.eclipse.jetty.server.handler.ScopedHandler.handle(ScopedHandler.java:144)
	at org.eclipse.jetty.server.handler.HandlerWrapper.handle(HandlerWrapper.java:132)
	at org.eclipse.jetty.server.Server.handle(Server.java:503)
	at org.eclipse.jetty.server.HttpChannel.handle(HttpChannel.java:364)
	at org.eclipse.jetty.server.HttpConnection.onFillable(HttpConnection.java:260)
	at org.eclipse.jetty.io.AbstractConnection$ReadCallback.succeeded(AbstractConnection.java:305)
	at org.eclipse.jetty.io.FillInterest.fillable(FillInterest.java:103)
	at org.eclipse.jetty.io.ChannelEndPoint$2.run(ChannelEndPoint.java:118)
	at org.eclipse.jetty.util.thread.strategy.EatWhatYouKill.runTask(EatWhatYouKill.java:333)
	at org.eclipse.jetty.util.thread.strategy.EatWhatYouKill.doProduce(EatWhatYouKill.java:310)
	at org.eclipse.jetty.util.thread.strategy.EatWhatYouKill.tryProduce(EatWhatYouKill.java:168)
	at org.eclipse.jetty.util.thread.strategy.EatWhatYouKill.run(EatWhatYouKill.java:126)
	at org.eclipse.jetty.util.thread.ReservedThreadExecutor$ReservedThread.run(ReservedThreadExecutor.java:366)
	at org.eclipse.jetty.util.thread.QueuedThreadPool.runJob(QueuedThreadPool.java:765)
	at org.eclipse.jetty.util.thread.QueuedThreadPool$2.run(QueuedThreadPool.java:683)
	at java.lang.Thread.run(Thread.java:748)

2019-01-22 15:24:09
[ERROR]-[Thread: qtp1588970020-17]-[com.jfinal.core.ActionHandler.handle()]: /upload/
java.lang.RuntimeException: File not found : G:\jfinalcommon\src\main\webapp/admin/page/upload/index.html
	at com.jfinal.template.source.FileSource.getContent(FileSource.java:70)
	at com.jfinal.template.Engine.buildTemplateBySourceFactory(Engine.java:159)
	at com.jfinal.template.Engine.getTemplate(Engine.java:144)
	at com.jfinal.render.TemplateRender.render(TemplateRender.java:61)
	at com.jfinal.core.ActionHandler.handle(ActionHandler.java:106)
	at com.jfinal.core.JFinalFilter.doFilter(JFinalFilter.java:86)
	at org.eclipse.jetty.servlet.ServletHandler$CachedChain.doFilter(ServletHandler.java:1634)
	at org.eclipse.jetty.servlet.ServletHandler.doHandle(ServletHandler.java:533)
	at org.eclipse.jetty.server.handler.ScopedHandler.handle(ScopedHandler.java:146)
	at org.eclipse.jetty.security.SecurityHandler.handle(SecurityHandler.java:548)
	at org.eclipse.jetty.server.handler.HandlerWrapper.handle(HandlerWrapper.java:132)
	at org.eclipse.jetty.server.handler.ScopedHandler.nextHandle(ScopedHandler.java:257)
	at org.eclipse.jetty.server.session.SessionHandler.doHandle(SessionHandler.java:1595)
	at org.eclipse.jetty.server.handler.ScopedHandler.nextHandle(ScopedHandler.java:255)
	at org.eclipse.jetty.server.handler.ContextHandler.doHandle(ContextHandler.java:1340)
	at org.eclipse.jetty.server.handler.ScopedHandler.nextScope(ScopedHandler.java:203)
	at org.eclipse.jetty.servlet.ServletHandler.doScope(ServletHandler.java:473)
	at org.eclipse.jetty.server.session.SessionHandler.doScope(SessionHandler.java:1564)
	at org.eclipse.jetty.server.handler.ScopedHandler.nextScope(ScopedHandler.java:201)
	at org.eclipse.jetty.server.handler.ContextHandler.doScope(ContextHandler.java:1242)
	at org.eclipse.jetty.server.handler.ScopedHandler.handle(ScopedHandler.java:144)
	at org.eclipse.jetty.server.handler.HandlerWrapper.handle(HandlerWrapper.java:132)
	at org.eclipse.jetty.server.Server.handle(Server.java:503)
	at org.eclipse.jetty.server.HttpChannel.handle(HttpChannel.java:364)
	at org.eclipse.jetty.server.HttpConnection.onFillable(HttpConnection.java:260)
	at org.eclipse.jetty.io.AbstractConnection$ReadCallback.succeeded(AbstractConnection.java:305)
	at org.eclipse.jetty.io.FillInterest.fillable(FillInterest.java:103)
	at org.eclipse.jetty.io.ChannelEndPoint$2.run(ChannelEndPoint.java:118)
	at org.eclipse.jetty.util.thread.strategy.EatWhatYouKill.runTask(EatWhatYouKill.java:333)
	at org.eclipse.jetty.util.thread.strategy.EatWhatYouKill.doProduce(EatWhatYouKill.java:310)
	at org.eclipse.jetty.util.thread.strategy.EatWhatYouKill.tryProduce(EatWhatYouKill.java:168)
	at org.eclipse.jetty.util.thread.strategy.EatWhatYouKill.run(EatWhatYouKill.java:126)
	at org.eclipse.jetty.util.thread.ReservedThreadExecutor$ReservedThread.run(ReservedThreadExecutor.java:366)
	at org.eclipse.jetty.util.thread.QueuedThreadPool.runJob(QueuedThreadPool.java:765)
	at org.eclipse.jetty.util.thread.QueuedThreadPool$2.run(QueuedThreadPool.java:683)
	at java.lang.Thread.run(Thread.java:748)

2019-01-22 15:24:09
[ERROR]-[Thread: qtp1588970020-17]-[com.jfinal.core.JFinalFilter.doFilter()]: /upload/
java.lang.IllegalStateException: STREAM
	at org.eclipse.jetty.server.Response.getWriter(Response.java:931)
	at com.jfinal.render.ErrorRender.render(ErrorRender.java:60)
	at com.jfinal.core.ActionHandler.handle(ActionHandler.java:122)
	at com.jfinal.core.JFinalFilter.doFilter(JFinalFilter.java:86)
	at org.eclipse.jetty.servlet.ServletHandler$CachedChain.doFilter(ServletHandler.java:1634)
	at org.eclipse.jetty.servlet.ServletHandler.doHandle(ServletHandler.java:533)
	at org.eclipse.jetty.server.handler.ScopedHandler.handle(ScopedHandler.java:146)
	at org.eclipse.jetty.security.SecurityHandler.handle(SecurityHandler.java:548)
	at org.eclipse.jetty.server.handler.HandlerWrapper.handle(HandlerWrapper.java:132)
	at org.eclipse.jetty.server.handler.ScopedHandler.nextHandle(ScopedHandler.java:257)
	at org.eclipse.jetty.server.session.SessionHandler.doHandle(SessionHandler.java:1595)
	at org.eclipse.jetty.server.handler.ScopedHandler.nextHandle(ScopedHandler.java:255)
	at org.eclipse.jetty.server.handler.ContextHandler.doHandle(ContextHandler.java:1340)
	at org.eclipse.jetty.server.handler.ScopedHandler.nextScope(ScopedHandler.java:203)
	at org.eclipse.jetty.servlet.ServletHandler.doScope(ServletHandler.java:473)
	at org.eclipse.jetty.server.session.SessionHandler.doScope(SessionHandler.java:1564)
	at org.eclipse.jetty.server.handler.ScopedHandler.nextScope(ScopedHandler.java:201)
	at org.eclipse.jetty.server.handler.ContextHandler.doScope(ContextHandler.java:1242)
	at org.eclipse.jetty.server.handler.ScopedHandler.handle(ScopedHandler.java:144)
	at org.eclipse.jetty.server.handler.HandlerWrapper.handle(HandlerWrapper.java:132)
	at org.eclipse.jetty.server.Server.handle(Server.java:503)
	at org.eclipse.jetty.server.HttpChannel.handle(HttpChannel.java:364)
	at org.eclipse.jetty.server.HttpConnection.onFillable(HttpConnection.java:260)
	at org.eclipse.jetty.io.AbstractConnection$ReadCallback.succeeded(AbstractConnection.java:305)
	at org.eclipse.jetty.io.FillInterest.fillable(FillInterest.java:103)
	at org.eclipse.jetty.io.ChannelEndPoint$2.run(ChannelEndPoint.java:118)
	at org.eclipse.jetty.util.thread.strategy.EatWhatYouKill.runTask(EatWhatYouKill.java:333)
	at org.eclipse.jetty.util.thread.strategy.EatWhatYouKill.doProduce(EatWhatYouKill.java:310)
	at org.eclipse.jetty.util.thread.strategy.EatWhatYouKill.tryProduce(EatWhatYouKill.java:168)
	at org.eclipse.jetty.util.thread.strategy.EatWhatYouKill.run(EatWhatYouKill.java:126)
	at org.eclipse.jetty.util.thread.ReservedThreadExecutor$ReservedThread.run(ReservedThreadExecutor.java:366)
	at org.eclipse.jetty.util.thread.QueuedThreadPool.runJob(QueuedThreadPool.java:765)
	at org.eclipse.jetty.util.thread.QueuedThreadPool$2.run(QueuedThreadPool.java:683)
	at java.lang.Thread.run(Thread.java:748)

2019-01-22 15:24:28
[WARN]-[Thread: qtp1588970020-31]-[com.jfinal.core.ActionHandler.handle()]: 404 Action Not Found: /imewis/msugg?ifc=4&em=4

2019-01-22 15:24:28
[WARN]-[Thread: qtp1588970020-30]-[com.jfinal.core.ActionHandler.handle()]: 404 Action Not Found: /imewis/msugg?ifc=4&em=4

2019-01-22 15:24:28
[WARN]-[Thread: qtp1588970020-31]-[com.jfinal.core.ActionHandler.handle()]: 404 Action Not Found: /imewis/msugg?ifc=4&em=4

2019-01-22 15:24:28
[WARN]-[Thread: qtp1588970020-30]-[com.jfinal.core.ActionHandler.handle()]: 404 Action Not Found: /imewis/msugg?ifc=4&em=4

2019-01-22 15:24:28
[WARN]-[Thread: qtp1588970020-31]-[com.jfinal.core.ActionHandler.handle()]: 404 Action Not Found: /imewis/msugg?ifc=4&em=4

2019-01-22 15:24:28
[WARN]-[Thread: qtp1588970020-30]-[com.jfinal.core.ActionHandler.handle()]: 404 Action Not Found: /imewis/msugg?ifc=4&em=4

2019-01-22 15:28:53
[WARN]-[Thread: qtp1588970020-18]-[com.jfinal.plugin.ehcache.CacheKit.getOrAddCache()]: Could not find cache config [loginAccount], using default.

2019-01-22 15:29:08
[ERROR]-[Thread: qtp1588970020-17]-[com.jfinal.core.ActionHandler.handle()]: /upload/
java.lang.RuntimeException: File not found : G:\jfinalcommon\src\main\webapp/admin/page/upload/index.html
	at com.jfinal.template.source.FileSource.getContent(FileSource.java:70)
	at com.jfinal.template.Engine.buildTemplateBySourceFactory(Engine.java:159)
	at com.jfinal.template.Engine.getTemplate(Engine.java:144)
	at com.jfinal.render.TemplateRender.render(TemplateRender.java:61)
	at com.jfinal.core.ActionHandler.handle(ActionHandler.java:106)
	at com.jfinal.core.JFinalFilter.doFilter(JFinalFilter.java:86)
	at org.eclipse.jetty.servlet.ServletHandler$CachedChain.doFilter(ServletHandler.java:1634)
	at org.eclipse.jetty.servlet.ServletHandler.doHandle(ServletHandler.java:533)
	at org.eclipse.jetty.server.handler.ScopedHandler.handle(ScopedHandler.java:146)
	at org.eclipse.jetty.security.SecurityHandler.handle(SecurityHandler.java:548)
	at org.eclipse.jetty.server.handler.HandlerWrapper.handle(HandlerWrapper.java:132)
	at org.eclipse.jetty.server.handler.ScopedHandler.nextHandle(ScopedHandler.java:257)
	at org.eclipse.jetty.server.session.SessionHandler.doHandle(SessionHandler.java:1595)
	at org.eclipse.jetty.server.handler.ScopedHandler.nextHandle(ScopedHandler.java:255)
	at org.eclipse.jetty.server.handler.ContextHandler.doHandle(ContextHandler.java:1340)
	at org.eclipse.jetty.server.handler.ScopedHandler.nextScope(ScopedHandler.java:203)
	at org.eclipse.jetty.servlet.ServletHandler.doScope(ServletHandler.java:473)
	at org.eclipse.jetty.server.session.SessionHandler.doScope(SessionHandler.java:1564)
	at org.eclipse.jetty.server.handler.ScopedHandler.nextScope(ScopedHandler.java:201)
	at org.eclipse.jetty.server.handler.ContextHandler.doScope(ContextHandler.java:1242)
	at org.eclipse.jetty.server.handler.ScopedHandler.handle(ScopedHandler.java:144)
	at org.eclipse.jetty.server.handler.HandlerWrapper.handle(HandlerWrapper.java:132)
	at org.eclipse.jetty.server.Server.handle(Server.java:503)
	at org.eclipse.jetty.server.HttpChannel.handle(HttpChannel.java:364)
	at org.eclipse.jetty.server.HttpConnection.onFillable(HttpConnection.java:260)
	at org.eclipse.jetty.io.AbstractConnection$ReadCallback.succeeded(AbstractConnection.java:305)
	at org.eclipse.jetty.io.FillInterest.fillable(FillInterest.java:103)
	at org.eclipse.jetty.io.ChannelEndPoint$2.run(ChannelEndPoint.java:118)
	at org.eclipse.jetty.util.thread.strategy.EatWhatYouKill.runTask(EatWhatYouKill.java:333)
	at org.eclipse.jetty.util.thread.strategy.EatWhatYouKill.doProduce(EatWhatYouKill.java:310)
	at org.eclipse.jetty.util.thread.strategy.EatWhatYouKill.tryProduce(EatWhatYouKill.java:168)
	at org.eclipse.jetty.util.thread.strategy.EatWhatYouKill.run(EatWhatYouKill.java:126)
	at org.eclipse.jetty.util.thread.ReservedThreadExecutor$ReservedThread.run(ReservedThreadExecutor.java:366)
	at org.eclipse.jetty.util.thread.QueuedThreadPool.runJob(QueuedThreadPool.java:765)
	at org.eclipse.jetty.util.thread.QueuedThreadPool$2.run(QueuedThreadPool.java:683)
	at java.lang.Thread.run(Thread.java:748)

2019-01-22 15:29:08
[ERROR]-[Thread: qtp1588970020-17]-[com.jfinal.core.JFinalFilter.doFilter()]: /upload/
java.lang.IllegalStateException: STREAM
	at org.eclipse.jetty.server.Response.getWriter(Response.java:931)
	at com.jfinal.render.ErrorRender.render(ErrorRender.java:60)
	at com.jfinal.core.ActionHandler.handle(ActionHandler.java:122)
	at com.jfinal.core.JFinalFilter.doFilter(JFinalFilter.java:86)
	at org.eclipse.jetty.servlet.ServletHandler$CachedChain.doFilter(ServletHandler.java:1634)
	at org.eclipse.jetty.servlet.ServletHandler.doHandle(ServletHandler.java:533)
	at org.eclipse.jetty.server.handler.ScopedHandler.handle(ScopedHandler.java:146)
	at org.eclipse.jetty.security.SecurityHandler.handle(SecurityHandler.java:548)
	at org.eclipse.jetty.server.handler.HandlerWrapper.handle(HandlerWrapper.java:132)
	at org.eclipse.jetty.server.handler.ScopedHandler.nextHandle(ScopedHandler.java:257)
	at org.eclipse.jetty.server.session.SessionHandler.doHandle(SessionHandler.java:1595)
	at org.eclipse.jetty.server.handler.ScopedHandler.nextHandle(ScopedHandler.java:255)
	at org.eclipse.jetty.server.handler.ContextHandler.doHandle(ContextHandler.java:1340)
	at org.eclipse.jetty.server.handler.ScopedHandler.nextScope(ScopedHandler.java:203)
	at org.eclipse.jetty.servlet.ServletHandler.doScope(ServletHandler.java:473)
	at org.eclipse.jetty.server.session.SessionHandler.doScope(SessionHandler.java:1564)
	at org.eclipse.jetty.server.handler.ScopedHandler.nextScope(ScopedHandler.java:201)
	at org.eclipse.jetty.server.handler.ContextHandler.doScope(ContextHandler.java:1242)
	at org.eclipse.jetty.server.handler.ScopedHandler.handle(ScopedHandler.java:144)
	at org.eclipse.jetty.server.handler.HandlerWrapper.handle(HandlerWrapper.java:132)
	at org.eclipse.jetty.server.Server.handle(Server.java:503)
	at org.eclipse.jetty.server.HttpChannel.handle(HttpChannel.java:364)
	at org.eclipse.jetty.server.HttpConnection.onFillable(HttpConnection.java:260)
	at org.eclipse.jetty.io.AbstractConnection$ReadCallback.succeeded(AbstractConnection.java:305)
	at org.eclipse.jetty.io.FillInterest.fillable(FillInterest.java:103)
	at org.eclipse.jetty.io.ChannelEndPoint$2.run(ChannelEndPoint.java:118)
	at org.eclipse.jetty.util.thread.strategy.EatWhatYouKill.runTask(EatWhatYouKill.java:333)
	at org.eclipse.jetty.util.thread.strategy.EatWhatYouKill.doProduce(EatWhatYouKill.java:310)
	at org.eclipse.jetty.util.thread.strategy.EatWhatYouKill.tryProduce(EatWhatYouKill.java:168)
	at org.eclipse.jetty.util.thread.strategy.EatWhatYouKill.run(EatWhatYouKill.java:126)
	at org.eclipse.jetty.util.thread.ReservedThreadExecutor$ReservedThread.run(ReservedThreadExecutor.java:366)
	at org.eclipse.jetty.util.thread.QueuedThreadPool.runJob(QueuedThreadPool.java:765)
	at org.eclipse.jetty.util.thread.QueuedThreadPool$2.run(QueuedThreadPool.java:683)
	at java.lang.Thread.run(Thread.java:748)

2019-01-22 15:37:30
[WARN]-[Thread: qtp1588970020-34]-[com.jfinal.core.ActionHandler.handle()]: 404 Action Not Found: /imewis/msugg?ifc=4&em=4

2019-01-22 15:37:31
[WARN]-[Thread: qtp1588970020-20]-[com.jfinal.core.ActionHandler.handle()]: 404 Action Not Found: /imewis/msugg?ifc=4&em=4

2019-01-22 15:37:31
[WARN]-[Thread: qtp1588970020-16]-[com.jfinal.core.ActionHandler.handle()]: 404 Action Not Found: /imewis/msugg?ifc=4&em=4

2019-01-22 15:37:31
[WARN]-[Thread: qtp1588970020-20]-[com.jfinal.core.ActionHandler.handle()]: 404 Action Not Found: /imewis/msugg?ifc=4&em=4

2019-01-22 15:37:31
[WARN]-[Thread: qtp1588970020-16]-[com.jfinal.core.ActionHandler.handle()]: 404 Action Not Found: /imewis/msugg?ifc=4&em=4

2019-01-22 15:37:31
[WARN]-[Thread: qtp1588970020-20]-[com.jfinal.core.ActionHandler.handle()]: 404 Action Not Found: /imewis/msugg?ifc=4&em=4

2019-01-22 15:37:32
[WARN]-[Thread: qtp1588970020-16]-[com.jfinal.core.ActionHandler.handle()]: 404 Action Not Found: /imewis/msugg?ifc=4&em=4

2019-01-22 15:37:32
[WARN]-[Thread: qtp1588970020-20]-[com.jfinal.core.ActionHandler.handle()]: 404 Action Not Found: /imewis/msugg?ifc=4&em=4

2019-01-22 15:37:32
[WARN]-[Thread: qtp1588970020-16]-[com.jfinal.core.ActionHandler.handle()]: 404 Action Not Found: /imewis/msugg?ifc=4&em=4

2019-01-22 15:37:32
[WARN]-[Thread: qtp1588970020-18]-[com.jfinal.core.ActionHandler.handle()]: 404 Action Not Found: /imewis/msugg?ifc=4&em=4

2019-01-22 15:37:33
[WARN]-[Thread: qtp1588970020-16]-[com.jfinal.core.ActionHandler.handle()]: 404 Action Not Found: /imewis/msugg?ifc=4&em=4

2019-01-22 15:37:33
[WARN]-[Thread: qtp1588970020-18]-[com.jfinal.core.ActionHandler.handle()]: 404 Action Not Found: /imewis/msugg?ifc=4&em=4

2019-01-22 15:37:34
[WARN]-[Thread: qtp1588970020-16]-[com.jfinal.core.ActionHandler.handle()]: 404 Action Not Found: /imewis/msugg?ifc=4&em=4

2019-01-22 15:37:34
[WARN]-[Thread: qtp1588970020-18]-[com.jfinal.core.ActionHandler.handle()]: 404 Action Not Found: /imewis/msugg?ifc=4&em=4

2019-01-22 15:37:34
[WARN]-[Thread: qtp1588970020-16]-[com.jfinal.core.ActionHandler.handle()]: 404 Action Not Found: /imewis/msugg?ifc=4&em=4

2019-01-22 15:37:34
[WARN]-[Thread: qtp1588970020-18]-[com.jfinal.core.ActionHandler.handle()]: 404 Action Not Found: /imewis/msugg?ifc=4&em=4

2019-01-22 15:37:34
[WARN]-[Thread: qtp1588970020-16]-[com.jfinal.core.ActionHandler.handle()]: 404 Action Not Found: /imewis/msugg?ifc=4&em=4

2019-01-22 15:37:35
[WARN]-[Thread: qtp1588970020-18]-[com.jfinal.core.ActionHandler.handle()]: 404 Action Not Found: /imewis/msugg?ifc=4&em=4

2019-01-22 15:37:35
[WARN]-[Thread: qtp1588970020-16]-[com.jfinal.core.ActionHandler.handle()]: 404 Action Not Found: /imewis/msugg?ifc=4&em=4

2019-01-22 15:37:35
[WARN]-[Thread: qtp1588970020-18]-[com.jfinal.core.ActionHandler.handle()]: 404 Action Not Found: /imewis/msugg?ifc=4&em=4

2019-01-22 15:37:35
[WARN]-[Thread: qtp1588970020-16]-[com.jfinal.core.ActionHandler.handle()]: 404 Action Not Found: /imewis/msugg?ifc=4&em=4

2019-01-22 15:37:35
[WARN]-[Thread: qtp1588970020-18]-[com.jfinal.core.ActionHandler.handle()]: 404 Action Not Found: /imewis/msugg?ifc=4&em=4

2019-01-22 15:37:35
[WARN]-[Thread: qtp1588970020-16]-[com.jfinal.core.ActionHandler.handle()]: 404 Action Not Found: /imewis/msugg?ifc=4&em=4

2019-01-22 15:37:35
[WARN]-[Thread: qtp1588970020-18]-[com.jfinal.core.ActionHandler.handle()]: 404 Action Not Found: /imewis/msugg?ifc=4&em=4

2019-01-22 15:37:36
[WARN]-[Thread: qtp1588970020-16]-[com.jfinal.core.ActionHandler.handle()]: 404 Action Not Found: /imewis/msugg?ifc=4&em=4

2019-01-22 15:37:36
[WARN]-[Thread: qtp1588970020-18]-[com.jfinal.core.ActionHandler.handle()]: 404 Action Not Found: /imewis/msugg?ifc=4&em=4

2019-01-22 16:06:54
[WARN]-[Thread: qtp1588970020-14]-[com.jfinal.core.ActionHandler.handle()]: 404 Action Not Found: /imewis/msugg?ifc=4&em=4

2019-01-22 16:06:54
[WARN]-[Thread: qtp1588970020-18]-[com.jfinal.core.ActionHandler.handle()]: 404 Action Not Found: /imewis/msugg?ifc=4&em=4

2019-01-22 16:06:54
[WARN]-[Thread: qtp1588970020-16]-[com.jfinal.core.ActionHandler.handle()]: 404 Action Not Found: /imewis/msugg?ifc=4&em=4

2019-01-22 16:06:54
[WARN]-[Thread: qtp1588970020-18]-[com.jfinal.core.ActionHandler.handle()]: 404 Action Not Found: /imewis/msugg?ifc=4&em=4

2019-01-22 16:06:55
[WARN]-[Thread: qtp1588970020-16]-[com.jfinal.core.ActionHandler.handle()]: 404 Action Not Found: /imewis/msugg?ifc=4&em=4

2019-01-22 16:06:55
[WARN]-[Thread: qtp1588970020-18]-[com.jfinal.core.ActionHandler.handle()]: 404 Action Not Found: /imewis/msugg?ifc=4&em=4

2019-01-22 16:12:18
[WARN]-[Thread: qtp1588970020-14]-[com.jfinal.core.ActionHandler.handle()]: 404 Action Not Found: /imewis/msugg?ifc=4&em=4

2019-01-22 16:12:22
[WARN]-[Thread: qtp1588970020-18]-[com.jfinal.core.ActionHandler.handle()]: 404 Action Not Found: /imewis/msugg?ifc=4&em=4

2019-01-22 16:12:23
[WARN]-[Thread: qtp1588970020-34]-[com.jfinal.core.ActionHandler.handle()]: 404 Action Not Found: /imewis/msugg?ifc=4&em=4

2019-01-22 16:12:23
[WARN]-[Thread: qtp1588970020-15]-[com.jfinal.core.ActionHandler.handle()]: 404 Action Not Found: /imewis/msugg?ifc=4&em=4

2019-01-22 16:12:23
[WARN]-[Thread: qtp1588970020-34]-[com.jfinal.core.ActionHandler.handle()]: 404 Action Not Found: /imewis/msugg?ifc=4&em=4

2019-01-22 16:12:23
[WARN]-[Thread: qtp1588970020-15]-[com.jfinal.core.ActionHandler.handle()]: 404 Action Not Found: /imewis/msugg?ifc=4&em=4

2019-01-22 16:12:23
[WARN]-[Thread: qtp1588970020-34]-[com.jfinal.core.ActionHandler.handle()]: 404 Action Not Found: /imewis/msugg?ifc=4&em=4

2019-01-22 16:12:24
[WARN]-[Thread: qtp1588970020-15]-[com.jfinal.core.ActionHandler.handle()]: 404 Action Not Found: /imewis/msugg?ifc=4&em=4

2019-01-22 16:12:24
[WARN]-[Thread: qtp1588970020-34]-[com.jfinal.core.ActionHandler.handle()]: 404 Action Not Found: /imewis/msugg?ifc=4&em=4

2019-01-22 16:12:24
[WARN]-[Thread: qtp1588970020-15]-[com.jfinal.core.ActionHandler.handle()]: 404 Action Not Found: /imewis/msugg?ifc=4&em=4

2019-01-22 16:12:24
[WARN]-[Thread: qtp1588970020-34]-[com.jfinal.core.ActionHandler.handle()]: 404 Action Not Found: /imewis/msugg?ifc=4&em=4

2019-01-22 16:12:24
[WARN]-[Thread: qtp1588970020-15]-[com.jfinal.core.ActionHandler.handle()]: 404 Action Not Found: /imewis/msugg?ifc=4&em=4

2019-01-22 16:12:24
[WARN]-[Thread: qtp1588970020-34]-[com.jfinal.core.ActionHandler.handle()]: 404 Action Not Found: /imewis/msugg?ifc=4&em=4

2019-01-22 16:12:24
[WARN]-[Thread: qtp1588970020-15]-[com.jfinal.core.ActionHandler.handle()]: 404 Action Not Found: /imewis/msugg?ifc=4&em=4

2019-01-22 16:12:25
[WARN]-[Thread: qtp1588970020-34]-[com.jfinal.core.ActionHandler.handle()]: 404 Action Not Found: /imewis/msugg?ifc=4&em=4

2019-01-22 16:12:25
[WARN]-[Thread: qtp1588970020-15]-[com.jfinal.core.ActionHandler.handle()]: 404 Action Not Found: /imewis/msugg?ifc=4&em=4

2019-01-22 16:12:25
[WARN]-[Thread: qtp1588970020-34]-[com.jfinal.core.ActionHandler.handle()]: 404 Action Not Found: /imewis/msugg?ifc=4&em=4

2019-01-22 16:12:25
[WARN]-[Thread: qtp1588970020-15]-[com.jfinal.core.ActionHandler.handle()]: 404 Action Not Found: /imewis/msugg?ifc=4&em=4

2019-01-22 16:12:26
[WARN]-[Thread: qtp1588970020-18]-[com.jfinal.core.ActionHandler.handle()]: 404 Action Not Found: /imewis/msugg?ifc=4&em=4

2019-01-22 16:12:26
[WARN]-[Thread: qtp1588970020-15]-[com.jfinal.core.ActionHandler.handle()]: 404 Action Not Found: /imewis/msugg?ifc=4&em=4

2019-01-22 16:12:26
[WARN]-[Thread: qtp1588970020-18]-[com.jfinal.core.ActionHandler.handle()]: 404 Action Not Found: /imewis/msugg?ifc=4&em=4

2019-01-22 16:12:26
[WARN]-[Thread: qtp1588970020-15]-[com.jfinal.core.ActionHandler.handle()]: 404 Action Not Found: /imewis/msugg?ifc=4&em=4

2019-01-22 16:12:27
[WARN]-[Thread: qtp1588970020-18]-[com.jfinal.core.ActionHandler.handle()]: 404 Action Not Found: /imewis/msugg?ifc=4&em=4

2019-01-22 16:20:42
[WARN]-[Thread: qtp1588970020-20]-[com.jfinal.core.ActionHandler.handle()]: 404 Action Not Found: /imewis/msugg?ifc=4&em=4

2019-01-22 16:20:42
[WARN]-[Thread: qtp1588970020-18]-[com.jfinal.core.ActionHandler.handle()]: 404 Action Not Found: /imewis/msugg?ifc=4&em=4

2019-01-22 16:20:42
[WARN]-[Thread: qtp1588970020-34]-[com.jfinal.core.ActionHandler.handle()]: 404 Action Not Found: /imewis/msugg?ifc=4&em=4

2019-01-22 16:20:42
[WARN]-[Thread: qtp1588970020-18]-[com.jfinal.core.ActionHandler.handle()]: 404 Action Not Found: /imewis/msugg?ifc=4&em=4

2019-01-22 16:20:42
[WARN]-[Thread: qtp1588970020-34]-[com.jfinal.core.ActionHandler.handle()]: 404 Action Not Found: /imewis/msugg?ifc=4&em=4
